<?xml version="1.0" encoding="UTF-8"?>
<!-- Generated by org.testng.reporters.JUnitXMLReporter -->
<testsuite ignored="0" hostname="RGUDIMETH1Y4T02" failures="1" tests="3" name="Test" time="4.034" errors="0" timestamp="04 Jan 2020 09:26:12 GMT">
  <testcase classname="Test1" name="delete" time="2.294"/>
  <testcase classname="Test1" name="getExample" time="0.791">
    <failure type="java.lang.AssertionError" message="expected [101] but found [200]">
      <![CDATA[java.lang.AssertionError: expected [101] but found [200]
at Test1.getExample(Test1.java:16)
... Removed 31 stack frames]]>
    </failure>
  </testcase> <!-- getExample -->
  <testcase classname="Test1" name="postExample" time="0.903"/>
</testsuite> <!-- Test -->
