<?xml version="1.0" encoding="UTF-8"?>
<!-- Generated by org.testng.reporters.JUnitXMLReporter -->
<testsuite ignored="0" hostname="RGUDIMETH1Y4T02" failures="1" tests="3" name="Test" time="4.065" errors="0" timestamp="2020-01-04T15:04:24 IST">
  <testcase classname="Test1" name="delete" time="2.285"/>
  <testcase classname="Test1" name="getExample" time="0.78">
    <failure type="java.lang.AssertionError" message="expected [101] but found [200]">
      <![CDATA[java.lang.AssertionError: expected [101] but found [200]
at Test1.getExample(Test1.java:16)
at java.base/java.util.ArrayList.forEach(ArrayList.java:1540)
... Removed 41 stack frames]]>
    </failure>
  </testcase> <!-- getExample -->
  <testcase classname="Test1" name="postExample" time="0.956"/>
</testsuite> <!-- Test -->
