<?xml version="1.0" encoding="UTF-8"?>
<testsuite name="TestSuite" time="4.027" tests="3" errors="0" skipped="0" failures="1">
  <properties>
[...]
</properties>
  <testcase name="delete" classname="Test1" time="2.291"/>
  <testcase name="getExample" classname="Test1" time="0.78">
    <failure message="expected [101] but found [200]" type="java.lang.AssertionError">java.lang.AssertionError: expected [101] but found [200]
	at org.testng.Assert.fail(Assert.java:97)
	at org.testng.Assert.assertEqualsImpl(Assert.java:136)
	at org.testng.Assert.assertEquals(Assert.java:118)
	at org.testng.Assert.assertEquals(Assert.java:839)
	at org.testng.Assert.assertEquals(Assert.java:849)
	at Test1.getExample(Test1.java:16)
</failure>
    <system-out> INFO: Utilities.RUtilities.fireGetRequest: (Line-17) at 15:04:22 ->  ===  Get request fired with url http://dummy.restapiexample.com/api/v1/employee/ urlParameters /1
</system-out>
  </testcase>
  <testcase name="postExample" classname="Test1" time="0.956"/>
</testsuite>